# JRE version: Java(TM) SE Runtime Environment (8.0_212-b10) (build 1.8.0_212-b10)
# Java VM: Java HotSpot(TM) 64-Bit Server VM (25.212-b10 mixed mode windows-amd64 compressed oops)
Heap:
 PSYoungGen      total 142848K, used 125287K [0x00000000d6580000, 0x00000000e2900000, 0x0000000100000000)
  eden space 125952K, 99% used [0x00000000d6580000,0x00000000ddfd9c30,0x00000000de080000)
  from space 16896K, 0% used [0x00000000de080000,0x00000000de080000,0x00000000df100000)
  to   space 16384K, 0% used [0x00000000e1900000,0x00000000e1900000,0x00000000e2900000)
 ParOldGen       total 78336K, used 27930K [0x0000000083000000, 0x0000000087c80000, 0x00000000d6580000)
  object space 78336K, 35% used [0x0000000083000000,0x0000000084b46a38,0x0000000087c80000)
 Metaspace       used 40304K, capacity 41076K, committed 41384K, reserved 1085440K
  class space    used 4982K, capacity 5177K, committed 5288K, reserved 1048576K
GC Heap History (10 events):
Event: 4.386 GC heap before
{Heap before GC invocations=7 (full 0):
 PSYoungGen      total 142336K, used 60334K [0x00000000d6580000, 0x00000000dfd80000, 0x0000000100000000)
  eden space 130560K, 38% used [0x00000000d6580000,0x00000000d971a830,0x00000000de500000)
  from space 11776K, 81% used [0x00000000df100000,0x00000000dfa510a8,0x00000000dfc80000)
  to   space 12288K, 0% used [0x00000000de500000,0x00000000de500000,0x00000000df100000)
 ParOldGen       total 86016K, used 14087K [0x0000000083000000, 0x0000000088400000, 0x00000000d6580000)
  object space 86016K, 16% used [0x0000000083000000,0x0000000083dc1ce8,0x0000000088400000)
 Metaspace       used 20483K, capacity 21074K, committed 21296K, reserved 1069056K
  class space    used 2448K, capacity 2609K, committed 2688K, reserved 1048576K
Event: 4.405 GC heap after
Heap after GC invocations=7 (full 0):
 PSYoungGen      total 142848K, used 11565K [0x00000000d6580000, 0x00000000dfd80000, 0x0000000100000000)
  eden space 130560K, 0% used [0x00000000d6580000,0x00000000d6580000,0x00000000de500000)
  from space 12288K, 94% used [0x00000000de500000,0x00000000df04b740,0x00000000df100000)
  to   space 11776K, 0% used [0x00000000df100000,0x00000000df100000,0x00000000dfc80000)
 ParOldGen       total 86016K, used 15865K [0x0000000083000000, 0x0000000088400000, 0x00000000d6580000)
  object space 86016K, 18% used [0x0000000083000000,0x0000000083f7e5b8,0x0000000088400000)
 Metaspace       used 20483K, capacity 21074K, committed 21296K, reserved 1069056K
  class space    used 2448K, capacity 2609K, committed 2688K, reserved 1048576K
}
Event: 4.405 GC heap before
{Heap before GC invocations=8 (full 1):
 PSYoungGen      total 142848K, used 11565K [0x00000000d6580000, 0x00000000dfd80000, 0x0000000100000000)
  eden space 130560K, 0% used [0x00000000d6580000,0x00000000d6580000,0x00000000de500000)
  from space 12288K, 94% used [0x00000000de500000,0x00000000df04b740,0x00000000df100000)
  to   space 11776K, 0% used [0x00000000df100000,0x00000000df100000,0x00000000dfc80000)
 ParOldGen       total 86016K, used 15865K [0x0000000083000000, 0x0000000088400000, 0x00000000d6580000)
  object space 86016K, 18% used [0x0000000083000000,0x0000000083f7e5b8,0x0000000088400000)
 Metaspace       used 20483K, capacity 21074K, committed 21296K, reserved 1069056K
  class space    used 2448K, capacity 2609K, committed 2688K, reserved 1048576K
Event: 4.500 GC heap after
Heap after GC invocations=8 (full 1):
 PSYoungGen      total 142848K, used 0K [0x00000000d6580000, 0x00000000dfd80000, 0x0000000100000000)
  eden space 130560K, 0% used [0x00000000d6580000,0x00000000d6580000,0x00000000de500000)
  from space 12288K, 0% used [0x00000000de500000,0x00000000de500000,0x00000000df100000)
  to   space 11776K, 0% used [0x00000000df100000,0x00000000df100000,0x00000000dfc80000)
 ParOldGen       total 78336K, used 21296K [0x0000000083000000, 0x0000000087c80000, 0x00000000d6580000)
  object space 78336K, 27% used [0x0000000083000000,0x00000000844cc1a0,0x0000000087c80000)
 Metaspace       used 20483K, capacity 21074K, committed 21296K, reserved 1069056K
  class space    used 2448K, capacity 2609K, committed 2688K, reserved 1048576K
}
Event: 5.637 GC heap before
{Heap before GC invocations=9 (full 1):
 PSYoungGen      total 142848K, used 130560K [0x00000000d6580000, 0x00000000dfd80000, 0x0000000100000000)
  eden space 130560K, 100% used [0x00000000d6580000,0x00000000de500000,0x00000000de500000)
  from space 12288K, 0% used [0x00000000de500000,0x00000000de500000,0x00000000df100000)
  to   space 11776K, 0% used [0x00000000df100000,0x00000000df100000,0x00000000dfc80000)
 ParOldGen       total 78336K, used 21296K [0x0000000083000000, 0x0000000087c80000, 0x00000000d6580000)
  object space 78336K, 27% used [0x0000000083000000,0x00000000844cc1a0,0x0000000087c80000)
 Metaspace       used 33900K, capacity 34670K, committed 34944K, reserved 1079296K
  class space    used 4166K, capacity 4360K, committed 4480K, reserved 1048576K
Event: 5.653 GC heap after
Heap after GC invocations=9 (full 1):
 PSYoungGen      total 137728K, used 11759K [0x00000000d6580000, 0x00000000e3d80000, 0x0000000100000000)
  eden space 125952K, 0% used [0x00000000d6580000,0x00000000d6580000,0x00000000de080000)
  from space 11776K, 99% used [0x00000000df100000,0x00000000dfc7bed8,0x00000000dfc80000)
  to   space 16896K, 0% used [0x00000000de080000,0x00000000de080000,0x00000000df100000)
 ParOldGen       total 78336K, used 27897K [0x0000000083000000, 0x0000000087c80000, 0x00000000d6580000)
  object space 78336K, 35% used [0x0000000083000000,0x0000000084b3e5e8,0x0000000087c80000)
 Metaspace       used 33900K, capacity 34670K, committed 34944K, reserved 1079296K
  class space    used 4166K, capacity 4360K, committed 4480K, reserved 1048576K
}
Event: 5.781 GC heap before
{Heap before GC invocations=10 (full 1):
 PSYoungGen      total 137728K, used 23833K [0x00000000d6580000, 0x00000000e3d80000, 0x0000000100000000)
  eden space 125952K, 9% used [0x00000000d6580000,0x00000000d714a770,0x00000000de080000)
  from space 11776K, 99% used [0x00000000df100000,0x00000000dfc7bed8,0x00000000dfc80000)
  to   space 16896K, 0% used [0x00000000de080000,0x00000000de080000,0x00000000df100000)
 ParOldGen       total 78336K, used 27897K [0x0000000083000000, 0x0000000087c80000, 0x00000000d6580000)
  object space 78336K, 35% used [0x0000000083000000,0x0000000084b3e5e8,0x0000000087c80000)
 Metaspace       used 34656K, capacity 35380K, committed 35496K, reserved 1081344K
  class space    used 4280K, capacity 4489K, committed 4520K, reserved 1048576K
Event: 5.789 GC heap after
Heap after GC invocations=10 (full 1):
 PSYoungGen      total 142848K, used 10095K [0x00000000d6580000, 0x00000000e2900000, 0x0000000100000000)
  eden space 125952K, 0% used [0x00000000d6580000,0x00000000d6580000,0x00000000de080000)
  from space 16896K, 59% used [0x00000000de080000,0x00000000dea5bdf0,0x00000000df100000)
  to   space 16384K, 0% used [0x00000000e1900000,0x00000000e1900000,0x00000000e2900000)
 ParOldGen       total 78336K, used 27905K [0x0000000083000000, 0x0000000087c80000, 0x00000000d6580000)
  object space 78336K, 35% used [0x0000000083000000,0x0000000084b405e8,0x0000000087c80000)
 Metaspace       used 34656K, capacity 35380K, committed 35496K, reserved 1081344K
  class space    used 4280K, capacity 4489K, committed 4520K, reserved 1048576K
}
Event: 5.789 GC heap before
{Heap before GC invocations=11 (full 2):
 PSYoungGen      total 142848K, used 10095K [0x00000000d6580000, 0x00000000e2900000, 0x0000000100000000)
  eden space 125952K, 0% used [0x00000000d6580000,0x00000000d6580000,0x00000000de080000)
  from space 16896K, 59% used [0x00000000de080000,0x00000000dea5bdf0,0x00000000df100000)
  to   space 16384K, 0% used [0x00000000e1900000,0x00000000e1900000,0x00000000e2900000)
 ParOldGen       total 78336K, used 27905K [0x0000000083000000, 0x0000000087c80000, 0x00000000d6580000)
  object space 78336K, 35% used [0x0000000083000000,0x0000000084b405e8,0x0000000087c80000)
 Metaspace       used 34656K, capacity 35380K, committed 35496K, reserved 1081344K
  class space    used 4280K, capacity 4489K, committed 4520K, reserved 1048576K
Event: 5.841 GC heap after
Heap after GC invocations=11 (full 2):
 PSYoungGen      total 142848K, used 0K [0x00000000d6580000, 0x00000000e2900000, 0x0000000100000000)
  eden space 125952K, 0% used [0x00000000d6580000,0x00000000d6580000,0x00000000de080000)
  from space 16896K, 0% used [0x00000000de080000,0x00000000de080000,0x00000000df100000)
  to   space 16384K, 0% used [0x00000000e1900000,0x00000000e1900000,0x00000000e2900000)
 ParOldGen       total 78336K, used 27930K [0x0000000083000000, 0x0000000087c80000, 0x00000000d6580000)
  object space 78336K, 35% used [0x0000000083000000,0x0000000084b46a38,0x0000000087c80000)
 Metaspace       used 34656K, capacity 35380K, committed 35496K, reserved 1081344K
  class space    used 4280K, capacity 4489K, committed 4520K, reserved 1048576K
}

