# JRE version: Java(TM) SE Runtime Environment (8.0_212-b10) (build 1.8.0_212-b10)
# Java VM: Java HotSpot(TM) 64-Bit Server VM (25.212-b10 mixed mode windows-amd64 compressed oops)
Heap:
 PSYoungGen      total 270848K, used 222921K [0x00000000d6580000, 0x00000000e9200000, 0x0000000100000000)
  eden space 253952K, 87% used [0x00000000d6580000,0x00000000e3f324a0,0x00000000e5d80000)
  from space 16896K, 0% used [0x00000000e5d80000,0x00000000e5d80000,0x00000000e6e00000)
  to   space 16384K, 0% used [0x00000000e8200000,0x00000000e8200000,0x00000000e9200000)
 ParOldGen       total 104448K, used 27767K [0x0000000083000000, 0x0000000089600000, 0x00000000d6580000)
  object space 104448K, 26% used [0x0000000083000000,0x0000000084b1dd98,0x0000000089600000)
 Metaspace       used 45733K, capacity 46648K, committed 46976K, reserved 1089536K
  class space    used 5684K, capacity 5913K, committed 6016K, reserved 1048576K
GC Heap History (10 events):
Event: 6.053 GC heap before
{Heap before GC invocations=7 (full 0):
 PSYoungGen      total 142336K, used 57802K [0x00000000d6580000, 0x00000000dfd80000, 0x0000000100000000)
  eden space 130560K, 37% used [0x00000000d6580000,0x00000000d94b54c8,0x00000000de500000)
  from space 11776K, 80% used [0x00000000df100000,0x00000000dfa3d4d8,0x00000000dfc80000)
  to   space 12288K, 0% used [0x00000000de500000,0x00000000de500000,0x00000000df100000)
 ParOldGen       total 86016K, used 14574K [0x0000000083000000, 0x0000000088400000, 0x00000000d6580000)
  object space 86016K, 16% used [0x0000000083000000,0x0000000083e3ba18,0x0000000088400000)
 Metaspace       used 20495K, capacity 21074K, committed 21296K, reserved 1069056K
  class space    used 2447K, capacity 2609K, committed 2688K, reserved 1048576K
Event: 6.074 GC heap after
Heap after GC invocations=7 (full 0):
 PSYoungGen      total 142848K, used 11379K [0x00000000d6580000, 0x00000000e7e80000, 0x0000000100000000)
  eden space 130560K, 0% used [0x00000000d6580000,0x00000000d6580000,0x00000000de500000)
  from space 12288K, 92% used [0x00000000de500000,0x00000000df01cc18,0x00000000df100000)
  to   space 13312K, 0% used [0x00000000e7180000,0x00000000e7180000,0x00000000e7e80000)
 ParOldGen       total 86016K, used 16600K [0x0000000083000000, 0x0000000088400000, 0x00000000d6580000)
  object space 86016K, 19% used [0x0000000083000000,0x00000000840362e8,0x0000000088400000)
 Metaspace       used 20495K, capacity 21074K, committed 21296K, reserved 1069056K
  class space    used 2447K, capacity 2609K, committed 2688K, reserved 1048576K
}
Event: 6.074 GC heap before
{Heap before GC invocations=8 (full 1):
 PSYoungGen      total 142848K, used 11379K [0x00000000d6580000, 0x00000000e7e80000, 0x0000000100000000)
  eden space 130560K, 0% used [0x00000000d6580000,0x00000000d6580000,0x00000000de500000)
  from space 12288K, 92% used [0x00000000de500000,0x00000000df01cc18,0x00000000df100000)
  to   space 13312K, 0% used [0x00000000e7180000,0x00000000e7180000,0x00000000e7e80000)
 ParOldGen       total 86016K, used 16600K [0x0000000083000000, 0x0000000088400000, 0x00000000d6580000)
  object space 86016K, 19% used [0x0000000083000000,0x00000000840362e8,0x0000000088400000)
 Metaspace       used 20495K, capacity 21074K, committed 21296K, reserved 1069056K
  class space    used 2447K, capacity 2609K, committed 2688K, reserved 1048576K
Event: 6.164 GC heap after
Heap after GC invocations=8 (full 1):
 PSYoungGen      total 142848K, used 0K [0x00000000d6580000, 0x00000000e7e80000, 0x0000000100000000)
  eden space 130560K, 0% used [0x00000000d6580000,0x00000000d6580000,0x00000000de500000)
  from space 12288K, 0% used [0x00000000de500000,0x00000000de500000,0x00000000df100000)
  to   space 13312K, 0% used [0x00000000e7180000,0x00000000e7180000,0x00000000e7e80000)
 ParOldGen       total 75264K, used 21292K [0x0000000083000000, 0x0000000087980000, 0x00000000d6580000)
  object space 75264K, 28% used [0x0000000083000000,0x00000000844cb0a8,0x0000000087980000)
 Metaspace       used 20495K, capacity 21074K, committed 21296K, reserved 1069056K
  class space    used 2447K, capacity 2609K, committed 2688K, reserved 1048576K
}
Event: 8.595 GC heap before
{Heap before GC invocations=9 (full 1):
 PSYoungGen      total 142848K, used 130560K [0x00000000d6580000, 0x00000000e7e80000, 0x0000000100000000)
  eden space 130560K, 100% used [0x00000000d6580000,0x00000000de500000,0x00000000de500000)
  from space 12288K, 0% used [0x00000000de500000,0x00000000de500000,0x00000000df100000)
  to   space 13312K, 0% used [0x00000000e7180000,0x00000000e7180000,0x00000000e7e80000)
 ParOldGen       total 75264K, used 21292K [0x0000000083000000, 0x0000000087980000, 0x00000000d6580000)
  object space 75264K, 28% used [0x0000000083000000,0x00000000844cb0a8,0x0000000087980000)
 Metaspace       used 33980K, capacity 34766K, committed 34944K, reserved 1079296K
  class space    used 4174K, capacity 4392K, committed 4480K, reserved 1048576K
Event: 8.626 GC heap after
Heap after GC invocations=9 (full 1):
 PSYoungGen      total 212480K, used 13296K [0x00000000d6580000, 0x00000000e7e80000, 0x0000000100000000)
  eden space 199168K, 0% used [0x00000000d6580000,0x00000000d6580000,0x00000000e2800000)
  from space 13312K, 99% used [0x00000000e7180000,0x00000000e7e7c230,0x00000000e7e80000)
  to   space 16896K, 0% used [0x00000000e5d80000,0x00000000e5d80000,0x00000000e6e00000)
 ParOldGen       total 75264K, used 26332K [0x0000000083000000, 0x0000000087980000, 0x00000000d6580000)
  object space 75264K, 34% used [0x0000000083000000,0x00000000849b7270,0x0000000087980000)
 Metaspace       used 33980K, capacity 34766K, committed 34944K, reserved 1079296K
  class space    used 4174K, capacity 4392K, committed 4480K, reserved 1048576K
}
Event: 8.944 GC heap before
{Heap before GC invocations=10 (full 1):
 PSYoungGen      total 212480K, used 25303K [0x00000000d6580000, 0x00000000e7e80000, 0x0000000100000000)
  eden space 199168K, 6% used [0x00000000d6580000,0x00000000d7139c08,0x00000000e2800000)
  from space 13312K, 99% used [0x00000000e7180000,0x00000000e7e7c230,0x00000000e7e80000)
  to   space 16896K, 0% used [0x00000000e5d80000,0x00000000e5d80000,0x00000000e6e00000)
 ParOldGen       total 75264K, used 26332K [0x0000000083000000, 0x0000000087980000, 0x00000000d6580000)
  object space 75264K, 34% used [0x0000000083000000,0x00000000849b7270,0x0000000087980000)
 Metaspace       used 34608K, capacity 35348K, committed 35456K, reserved 1081344K
  class space    used 4267K, capacity 4457K, committed 4480K, reserved 1048576K
Event: 8.962 GC heap after
Heap after GC invocations=10 (full 1):
 PSYoungGen      total 270848K, used 9855K [0x00000000d6580000, 0x00000000e9200000, 0x0000000100000000)
  eden space 253952K, 0% used [0x00000000d6580000,0x00000000d6580000,0x00000000e5d80000)
  from space 16896K, 58% used [0x00000000e5d80000,0x00000000e671fdb8,0x00000000e6e00000)
  to   space 16384K, 0% used [0x00000000e8200000,0x00000000e8200000,0x00000000e9200000)
 ParOldGen       total 75264K, used 26340K [0x0000000083000000, 0x0000000087980000, 0x00000000d6580000)
  object space 75264K, 34% used [0x0000000083000000,0x00000000849b9270,0x0000000087980000)
 Metaspace       used 34608K, capacity 35348K, committed 35456K, reserved 1081344K
  class space    used 4267K, capacity 4457K, committed 4480K, reserved 1048576K
}
Event: 8.962 GC heap before
{Heap before GC invocations=11 (full 2):
 PSYoungGen      total 270848K, used 9855K [0x00000000d6580000, 0x00000000e9200000, 0x0000000100000000)
  eden space 253952K, 0% used [0x00000000d6580000,0x00000000d6580000,0x00000000e5d80000)
  from space 16896K, 58% used [0x00000000e5d80000,0x00000000e671fdb8,0x00000000e6e00000)
  to   space 16384K, 0% used [0x00000000e8200000,0x00000000e8200000,0x00000000e9200000)
 ParOldGen       total 75264K, used 26340K [0x0000000083000000, 0x0000000087980000, 0x00000000d6580000)
  object space 75264K, 34% used [0x0000000083000000,0x00000000849b9270,0x0000000087980000)
 Metaspace       used 34608K, capacity 35348K, committed 35456K, reserved 1081344K
  class space    used 4267K, capacity 4457K, committed 4480K, reserved 1048576K
Event: 9.040 GC heap after
Heap after GC invocations=11 (full 2):
 PSYoungGen      total 270848K, used 0K [0x00000000d6580000, 0x00000000e9200000, 0x0000000100000000)
  eden space 253952K, 0% used [0x00000000d6580000,0x00000000d6580000,0x00000000e5d80000)
  from space 16896K, 0% used [0x00000000e5d80000,0x00000000e5d80000,0x00000000e6e00000)
  to   space 16384K, 0% used [0x00000000e8200000,0x00000000e8200000,0x00000000e9200000)
 ParOldGen       total 104448K, used 27767K [0x0000000083000000, 0x0000000089600000, 0x00000000d6580000)
  object space 104448K, 26% used [0x0000000083000000,0x0000000084b1dd98,0x0000000089600000)
 Metaspace       used 34608K, capacity 35348K, committed 35456K, reserved 1081344K
  class space    used 4267K, capacity 4457K, committed 4480K, reserved 1048576K
}

